<?xml version="1.0" encoding="UTF-8"?>
<testng-results ignored="0" total="1" passed="1" failed="0" skipped="0">
  <reporter-output>
  </reporter-output>
  <suite started-at="2022-08-30T16:55:32 IST" name="Default suite" finished-at="2022-08-30T16:55:52 IST" duration-ms="19993">
    <groups>
      <group name="cucumber">
        <method signature="AbstractTestNGCucumberTests.runScenario(io.cucumber.testng.PickleWrapper,io.cucumber.testng.FeatureWrapper)[pri:0, instance:TestRunner.TestNgTestRunner@4d5d943d]" name="runScenario" class="io.cucumber.testng.AbstractTestNGCucumberTests"/>
      </group> <!-- cucumber -->
    </groups>
    <test started-at="2022-08-30T16:55:32 IST" name="Default test" finished-at="2022-08-30T16:55:52 IST" duration-ms="19993">
      <class name="TestRunner.TestNgTestRunner">
        <test-method is-config="true" signature="setUpClass(org.testng.ITestContext)[pri:0, instance:TestRunner.TestNgTestRunner@4d5d943d]" started-at="2022-08-30T16:55:32 IST" name="setUpClass" finished-at="2022-08-30T16:55:33 IST" duration-ms="736" status="PASS">
          <params>
            <param index="0">
              <value>
                <![CDATA[org.testng.TestRunner@78a515e4]]>
              </value>
            </param>
          </params>
          <reporter-output>
          </reporter-output>
        </test-method> <!-- setUpClass -->
        <test-method signature="runScenario(io.cucumber.testng.PickleWrapper,io.cucumber.testng.FeatureWrapper)[pri:0, instance:TestRunner.TestNgTestRunner@4d5d943d]" started-at="2022-08-30T16:55:33 IST" name="runScenario" description="Runs Cucumber Scenarios" data-provider="scenarios" finished-at="2022-08-30T16:55:52 IST" duration-ms="19027" status="PASS">
          <params>
            <param index="0">
              <value>
                <![CDATA["Validate Login is Successful with credentials"]]>
              </value>
            </param>
            <param index="1">
              <value>
                <![CDATA["Test Login functionality"]]>
              </value>
            </param>
          </params>
          <reporter-output>
          </reporter-output>
        </test-method> <!-- runScenario -->
        <test-method is-config="true" signature="tearDownClass()[pri:0, instance:TestRunner.TestNgTestRunner@4d5d943d]" started-at="2022-08-30T16:55:52 IST" name="tearDownClass" finished-at="2022-08-30T16:55:52 IST" duration-ms="171" status="PASS">
          <reporter-output>
          </reporter-output>
        </test-method> <!-- tearDownClass -->
      </class> <!-- TestRunner.TestNgTestRunner -->
    </test> <!-- Default test -->
  </suite> <!-- Default suite -->
</testng-results>
